0 info it worked if it ends with ok
1 verbose cli [ 'C:\\Program Files\\nodejs\\\\node.exe',
1 verbose cli   'C:\\Program Files\\nodejs\\node_modules\\npm\\bin\\npm-cli.js',
1 verbose cli   'install',
1 verbose cli   '--save',
1 verbose cli   'prompt' ]
2 info using npm@1.4.21
3 info using node@v0.10.30
4 verbose node symlink C:\Program Files\nodejs\\node.exe
5 verbose readDependencies using package.json deps
6 verbose cache add [ 'prompt', null ]
7 verbose cache add name=undefined spec="prompt" args=["prompt",null]
8 verbose parsed url { protocol: null,
8 verbose parsed url   slashes: null,
8 verbose parsed url   auth: null,
8 verbose parsed url   host: null,
8 verbose parsed url   port: null,
8 verbose parsed url   hostname: null,
8 verbose parsed url   hash: null,
8 verbose parsed url   search: null,
8 verbose parsed url   query: null,
8 verbose parsed url   pathname: 'prompt',
8 verbose parsed url   path: 'prompt',
8 verbose parsed url   href: 'prompt' }
9 silly lockFile 9c7e05e5-prompt prompt
10 verbose lock prompt C:\Users\shash7\AppData\Roaming\npm-cache\9c7e05e5-prompt.lock
11 silly lockFile 9c7e05e5-prompt prompt
12 silly lockFile 9c7e05e5-prompt prompt
13 verbose addNamed [ 'prompt', '' ]
14 verbose addNamed [ null, '*' ]
15 silly lockFile 038de136-prompt prompt@
16 verbose lock prompt@ C:\Users\shash7\AppData\Roaming\npm-cache\038de136-prompt.lock
17 silly addNameRange { name: 'prompt', range: '*', hasData: false }
18 verbose request where is /prompt
19 verbose request registry https://registry.npmjs.org/
20 verbose request id f46d6410ff6f88d1
21 verbose url raw /prompt
22 verbose url resolving [ 'https://registry.npmjs.org/', './prompt' ]
23 verbose url resolved https://registry.npmjs.org/prompt
24 verbose request where is https://registry.npmjs.org/prompt
25 info trying registry request attempt 1 at 21:55:09
26 http GET https://registry.npmjs.org/prompt
27 http 503 https://registry.npmjs.org/prompt
28 verbose bad json <?xml version="1.0" encoding="utf-8"?>
28 verbose bad json <!DOCTYPE html PUBLIC "-//W3C//DTD XHTML 1.0 Strict//EN"
28 verbose bad json  "http://www.w3.org/TR/xhtml1/DTD/xhtml1-strict.dtd">
28 verbose bad json <html>
28 verbose bad json   <head>
28 verbose bad json     <title>503 No healthy backends</title>
28 verbose bad json   </head>
28 verbose bad json   <body>
28 verbose bad json     <h1>Error 503 No healthy backends</h1>
28 verbose bad json     <p>No healthy backends</p>
28 verbose bad json     <h3>Guru Mediation:</h3>
28 verbose bad json     <p>Details: cache-syd1622-SYD 1408794916 80567627</p>
28 verbose bad json     <hr>
28 verbose bad json     <p>Varnish cache server</p>
28 verbose bad json   </body>
28 verbose bad json </html>
29 error registry error parsing json
30 info retry will retry, error on last attempt: SyntaxError: Unexpected token <
30 info retry
30 info retry <?xml version="1.0" encoding="utf-8"?>
30 info retry <!DOCTYPE html PUBLIC "-//W3C//DTD XHTML 1.0 Strict//EN"
30 info retry  "http://www.w3.org/TR/xhtml1/DTD/xhtml1-strict.dtd">
30 info retry <html>
30 info retry   <head>
30 info retry     <title>503 No healthy backends</title>
30 info retry   </head>
30 info retry   <body>
30 info retry     <h1>Error 503 No healthy backends</h1>
30 info retry     <p>No healthy backends</p>
30 info retry     <h3>Guru Mediation:</h3>
30 info retry     <p>Details: cache-syd1622-SYD 1408794916 80567627</p>
30 info retry     <hr>
30 info retry     <p>Varnish cache server</p>
30 info retry   </body>
30 info retry </html>
31 info trying registry request attempt 2 at 21:55:19
32 http GET https://registry.npmjs.org/prompt
33 http 503 https://registry.npmjs.org/prompt
34 verbose bad json <?xml version="1.0" encoding="utf-8"?>
34 verbose bad json <!DOCTYPE html PUBLIC "-//W3C//DTD XHTML 1.0 Strict//EN"
34 verbose bad json  "http://www.w3.org/TR/xhtml1/DTD/xhtml1-strict.dtd">
34 verbose bad json <html>
34 verbose bad json   <head>
34 verbose bad json     <title>503 No healthy backends</title>
34 verbose bad json   </head>
34 verbose bad json   <body>
34 verbose bad json     <h1>Error 503 No healthy backends</h1>
34 verbose bad json     <p>No healthy backends</p>
34 verbose bad json     <h3>Guru Mediation:</h3>
34 verbose bad json     <p>Details: cache-syd1622-SYD 1408794926 80603950</p>
34 verbose bad json     <hr>
34 verbose bad json     <p>Varnish cache server</p>
34 verbose bad json   </body>
34 verbose bad json </html>
35 error registry error parsing json
36 info retry will retry, error on last attempt: SyntaxError: Unexpected token <
36 info retry
36 info retry <?xml version="1.0" encoding="utf-8"?>
36 info retry <!DOCTYPE html PUBLIC "-//W3C//DTD XHTML 1.0 Strict//EN"
36 info retry  "http://www.w3.org/TR/xhtml1/DTD/xhtml1-strict.dtd">
36 info retry <html>
36 info retry   <head>
36 info retry     <title>503 No healthy backends</title>
36 info retry   </head>
36 info retry   <body>
36 info retry     <h1>Error 503 No healthy backends</h1>
36 info retry     <p>No healthy backends</p>
36 info retry     <h3>Guru Mediation:</h3>
36 info retry     <p>Details: cache-syd1622-SYD 1408794926 80603950</p>
36 info retry     <hr>
36 info retry     <p>Varnish cache server</p>
36 info retry   </body>
36 info retry </html>
37 info trying registry request attempt 3 at 21:56:20
38 http GET https://registry.npmjs.org/prompt
39 http 503 https://registry.npmjs.org/prompt
40 verbose bad json <?xml version="1.0" encoding="utf-8"?>
40 verbose bad json <!DOCTYPE html PUBLIC "-//W3C//DTD XHTML 1.0 Strict//EN"
40 verbose bad json  "http://www.w3.org/TR/xhtml1/DTD/xhtml1-strict.dtd">
40 verbose bad json <html>
40 verbose bad json   <head>
40 verbose bad json     <title>503 No healthy backends</title>
40 verbose bad json   </head>
40 verbose bad json   <body>
40 verbose bad json     <h1>Error 503 No healthy backends</h1>
40 verbose bad json     <p>No healthy backends</p>
40 verbose bad json     <h3>Guru Mediation:</h3>
40 verbose bad json     <p>Details: cache-syd1622-SYD 1408794986 80818205</p>
40 verbose bad json     <hr>
40 verbose bad json     <p>Varnish cache server</p>
40 verbose bad json   </body>
40 verbose bad json </html>
41 error registry error parsing json
42 verbose headers { date: 'Sat, 23 Aug 2014 11:56:26 GMT',
42 verbose headers   server: 'Varnish',
42 verbose headers   'retry-after': '0',
42 verbose headers   'content-type': 'text/html; charset=utf-8',
42 verbose headers   'content-length': '449',
42 verbose headers   'accept-ranges': 'bytes',
42 verbose headers   via: '1.1 varnish',
42 verbose headers   'x-served-by': 'cache-syd1623-SYD',
42 verbose headers   'x-cache': 'MISS',
42 verbose headers   'x-cache-hits': '0',
42 verbose headers   'x-timer': 'S1408794986.758663,VS0,VE0',
42 verbose headers   connection: 'close' }
43 silly registry.get cb [ 503,
43 silly registry.get   { date: 'Sat, 23 Aug 2014 11:56:26 GMT',
43 silly registry.get     server: 'Varnish',
43 silly registry.get     'retry-after': '0',
43 silly registry.get     'content-type': 'text/html; charset=utf-8',
43 silly registry.get     'content-length': '449',
43 silly registry.get     'accept-ranges': 'bytes',
43 silly registry.get     via: '1.1 varnish',
43 silly registry.get     'x-served-by': 'cache-syd1623-SYD',
43 silly registry.get     'x-cache': 'MISS',
43 silly registry.get     'x-cache-hits': '0',
43 silly registry.get     'x-timer': 'S1408794986.758663,VS0,VE0',
43 silly registry.get     connection: 'close' } ]
44 silly lockFile 038de136-prompt prompt@
45 silly lockFile 038de136-prompt prompt@
46 error SyntaxError: Unexpected token <
46 error
46 error <?xml version="1.0" encoding="utf-8"?>
46 error <!DOCTYPE html PUBLIC "-//W3C//DTD XHTML 1.0 Strict//EN"
46 error  "http://www.w3.org/TR/xhtml1/DTD/xhtml1-strict.dtd">
46 error <html>
46 error   <head>
46 error     <title>503 No healthy backends</title>
46 error   </head>
46 error   <body>
46 error     <h1>Error 503 No healthy backends</h1>
46 error     <p>No healthy backends</p>
46 error     <h3>Guru Mediation:</h3>
46 error     <p>Details: cache-syd1622-SYD 1408794986 80818205</p>
46 error     <hr>
46 error     <p>Varnish cache server</p>
46 error   </body>
46 error </html>
46 error
46 error     at Object.parse (native)
46 error     at RegClient.<anonymous> (C:\Program Files\nodejs\node_modules\npm\node_modules\npm-registry-client\lib\request.js:266:23)
46 error     at Request._callback (C:\Program Files\nodejs\node_modules\npm\node_modules\npm-registry-client\lib\request.js:238:65)
46 error     at Request.self.callback (C:\Program Files\nodejs\node_modules\npm\node_modules\request\request.js:123:22)
46 error     at Request.emit (events.js:98:17)
46 error     at Request.<anonymous> (C:\Program Files\nodejs\node_modules\npm\node_modules\request\request.js:893:14)
46 error     at Request.emit (events.js:117:20)
46 error     at IncomingMessage.<anonymous> (C:\Program Files\nodejs\node_modules\npm\node_modules\request\request.js:844:12)
46 error     at IncomingMessage.emit (events.js:117:20)
46 error     at _stream_readable.js:938:16
47 error If you need help, you may report this *entire* log,
47 error including the npm and node versions, at:
47 error     <http://github.com/npm/npm/issues>
48 error System Windows_NT 6.2.9200
49 error command "C:\\Program Files\\nodejs\\\\node.exe" "C:\\Program Files\\nodejs\\node_modules\\npm\\bin\\npm-cli.js" "install" "--save" "prompt"
50 error cwd C:\Users\shash7\Documents\GitHub\riki
51 error node -v v0.10.30
52 error npm -v 1.4.21
53 error type unexpected_token
54 verbose exit [ 1, true ]
